[2025-05-22 18:20:42] Starting stage: Frame Extraction
[2025-05-22 18:20:43] ✓ Frame Extraction completed successfully
[2025-05-22 18:20:43] Starting stage: GCS Sync
[2025-05-22 18:20:45] ✓ GCS Sync completed successfully
[2025-05-22 18:20:45] Starting stage: Label Studio Sync
[2025-05-22 18:20:47] ✗ Label Studio Sync failed: 
--------------------------------------------
Request URL: http://localhost:8080/api/projects/9
Response status code: 401
Response content:
{
  "id": "d286e9af-5470-4a92-bcc4-8438c105169e",
  "status_code": 401,
  "version": "1.18.0",
  "detail": "Invalid token.",
  "exc_info": null
}

SDK error traceback:
Traceback (most recent call last):
  File "/Users/malikmacbook/Desktop/pipeline/scripts/labelstudio_sync.py", line 92, in <module>
    ls_sync = LabelStudioSync(config)
  File "/Users/malikmacbook/Desktop/pipeline/scripts/labelstudio_sync.py", line 15, in __init__
    self.project = self.ls.get_project(self.project_id)
                   ~~~~~~~~~~~~~~~~~~~^^^^^^^^^^^^^^^^^
  File "/Users/malikmacbook/Desktop/pipeline/.venv/lib/python3.13/site-packages/label_studio_sdk/_legacy/client.py", line 258, in get_project
    return Project.get_from_id(self, id)
           ~~~~~~~~~~~~~~~~~~~^^^^^^^^^^
  File "/Users/malikmacbook/Desktop/pipeline/.venv/lib/python3.13/site-packages/label_studio_sdk/_legacy/project.py", line 475, in get_from_id
    project.update_params()
    ~~~~~~~~~~~~~~~~~~~~~^^
  File "/Users/malikmacbook/Desktop/pipeline/.venv/lib/python3.13/site-packages/label_studio_sdk/_legacy/project.py", line 375, in update_params
    self.params = self.get_params()
                  ~~~~~~~~~~~~~~~^^
  File "/Users/malikmacbook/Desktop/pipeline/.venv/lib/python3.13/site-packages/label_studio_sdk/_legacy/project.py", line 358, in get_params
    response = self.make_request("GET", f"/api/projects/{self.id}")
  File "/Users/malikmacbook/Desktop/pipeline/.venv/lib/python3.13/site-packages/label_studio_sdk/_legacy/client.py", line 448, in make_request
    response.raise_for_status()
    ~~~~~~~~~~~~~~~~~~~~~~~~~^^
  File "/Users/malikmacbook/Desktop/pipeline/.venv/lib/python3.13/site-packages/requests/models.py", line 1024, in raise_for_status
    raise HTTPError(http_error_msg, response=self)
requests.exceptions.HTTPError: 401 Client Error: Unauthorized for url: http://localhost:8080/api/projects/9

[2025-05-22 18:20:47] Pipeline stopped due to error
